<?xml version="1.0" encoding="UTF-8"?>
<!-- Generated by org.testng.reporters.JUnitReportReporter -->
<testsuite hostname="DESKTOP-K4ILK4J" failures="0" tests="4" name="TestLayer.OrangeHRMTest" time="21.572" errors="0" timestamp="2024-07-16T22:56:33 IST" skipped="0">
  <testcase classname="TestLayer.OrangeHRMTest" name="setUp" time="16.612"/>
  <system-out/>
  <testcase classname="TestLayer.OrangeHRMTest" name="LoginPageTest" time="2.393"/>
  <system-out/>
  <testcase classname="TestLayer.OrangeHRMTest" name="HomepageTitle" time="2.495"/>
  <system-out/>
  <testcase classname="TestLayer.OrangeHRMTest" name="HomepageUrl" time="0.072"/>
  <system-out/>
</testsuite> <!-- TestLayer.OrangeHRMTest -->
