<?xml version="1.0" encoding="UTF-8"?>
<!-- Generated by org.testng.reporters.JUnitReportReporter -->
<testsuite hostname="DESKTOP-K4ILK4J" failures="0" tests="2" name="TestLayer.OrangeHRMTest" time="32.567" errors="0" timestamp="2024-07-16T22:34:34 IST" skipped="0">
  <testcase classname="TestLayer.OrangeHRMTest" name="setUp" time="27.779"/>
  <system-out/>
  <testcase classname="TestLayer.OrangeHRMTest" name="LoginPageTest" time="4.788"/>
  <system-out/>
</testsuite> <!-- TestLayer.OrangeHRMTest -->
